\BOOKMARK [0][-]{section*.1}{\376\377\000D\000e\000c\000l\000a\000r\000a\000t\000i\000o\000n\000\040\000o\000f\000\040\000A\000u\000t\000h\000o\000r\000s\000h\000i\000p}{}% 1
\BOOKMARK [0][-]{section*.2}{\376\377\000A\000b\000s\000t\000r\000a\000c\000t}{}% 2
\BOOKMARK [0][-]{section*.3}{\376\377\000A\000c\000k\000n\000o\000w\000l\000e\000d\000g\000e\000m\000e\000n\000t\000s}{}% 3
\BOOKMARK [0][-]{chapter.6}{\376\377\000I\000n\000t\000r\000o\000d\000u\000c\000t\000i\000o\000n}{}% 4
\BOOKMARK [1][-]{section.7}{\376\377\000S\000t\000a\000t\000e\000\040\000o\000f\000\040\000V\000R}{chapter.6}% 5
\BOOKMARK [1][-]{section.8}{\376\377\000G\000a\000i\000t\000\040\000A\000n\000a\000l\000y\000s\000i\000s}{chapter.6}% 6
\BOOKMARK [2][-]{subsection.9}{\376\377\000G\000a\000i\000t\000\040\000E\000v\000e\000n\000t\000\040\000D\000e\000t\000e\000c\000t\000i\000o\000n}{section.8}% 7
\BOOKMARK [2][-]{subsection.11}{\376\377\000G\000a\000i\000t\000\040\000F\000e\000a\000t\000u\000r\000e\000\040\000E\000x\000t\000r\000a\000c\000t\000i\000o\000n}{section.8}% 8
\BOOKMARK [1][-]{section.12}{\376\377\000L\000o\000c\000o\000m\000o\000t\000i\000o\000n\000\040\000G\000e\000n\000e\000r\000a\000t\000i\000o\000n\000\040\000i\000n\000\040\000V\000R}{chapter.6}% 9
\BOOKMARK [2][-]{subsection.14}{\376\377\000W\000I\000P\000\040\000T\000e\000c\000h\000n\000i\000q\000u\000e\000s}{section.12}% 10
\BOOKMARK [1][-]{section.15}{\376\377\000S\000e\000n\000s\000o\000r\000\040\000F\000u\000s\000i\000o\000n\000\040\000O\000r\000i\000e\000n\000t\000a\000t\000i\000o\000n\000\040\000F\000i\000l\000t\000e\000r}{chapter.6}% 11
\BOOKMARK [0][-]{chapter.16}{\376\377\000M\000e\000t\000h\000o\000d\000s}{}% 12
\BOOKMARK [1][-]{section.17}{\376\377\000S\000y\000s\000t\000e\000m\000\040\000S\000e\000t\000u\000p}{chapter.16}% 13
\BOOKMARK [1][-]{section.20}{\376\377\000O\000f\000f\000l\000i\000n\000e\000\040\000G\000a\000i\000t\000\040\000A\000n\000a\000l\000y\000s\000i\000s}{chapter.16}% 14
\BOOKMARK [2][-]{subsection.21}{\376\377\000E\000v\000e\000n\000t\000\040\000D\000e\000t\000e\000c\000t\000i\000o\000n}{section.20}% 15
\BOOKMARK [2][-]{subsection.23}{\376\377\000T\000r\000a\000c\000k\000i\000n\000g}{section.20}% 16
\BOOKMARK [1][-]{section.25}{\376\377\000R\000e\000a\000l\000-\000t\000i\000m\000e\000\040\000W\000I\000P\000\040\000T\000r\000a\000c\000k\000i\000n\000g}{chapter.16}% 17
\BOOKMARK [2][-]{subsection.26}{\376\377\000F\000S\000M}{section.25}% 18
\BOOKMARK [2][-]{subsection.28}{\376\377\000P\000o\000s\000i\000t\000i\000o\000n\000\040\000T\000r\000a\000c\000k\000i\000n\000g}{section.25}% 19
\BOOKMARK [1][-]{section.29}{\376\377\000L\000o\000c\000o\000m\000o\000t\000i\000o\000n\000\040\000G\000e\000n\000e\000r\000a\000t\000i\000o\000n}{chapter.16}% 20
\BOOKMARK [2][-]{subsection.30}{\376\377\000D\000i\000r\000e\000c\000t\000\040\000A\000p\000p\000r\000o\000a\000c\000h}{section.29}% 21
\BOOKMARK [2][-]{subsection.32}{\376\377\000I\000n\000d\000i\000r\000e\000c\000t\000\040\000A\000p\000p\000r\000o\000a\000c\000h}{section.29}% 22
\BOOKMARK [2][-]{subsection.33}{\376\377\000H\000e\000a\000d\000i\000n\000g}{section.29}% 23
\BOOKMARK [0][-]{chapter.34}{\376\377\000R\000e\000s\000u\000l\000t\000s\000\040\000a\000n\000d\000\040\000D\000i\000s\000c\000u\000s\000s\000i\000o\000n}{}% 24
\BOOKMARK [1][-]{section.35}{\376\377\000O\000f\000f\000l\000i\000n\000e\000\040\000G\000a\000i\000t\000\040\000A\000n\000a\000l\000y\000s\000i\000s}{chapter.34}% 25
\BOOKMARK [2][-]{subsection.36}{\376\377\000E\000v\000e\000n\000t\000\040\000D\000e\000t\000e\000c\000t\000i\000o\000n}{section.35}% 26
\BOOKMARK [2][-]{subsection.38}{\376\377\000T\000r\000a\000j\000e\000c\000t\000o\000r\000y}{section.35}% 27
\BOOKMARK [1][-]{section.40}{\376\377\000L\000o\000c\000o\000m\000o\000t\000i\000o\000n\000\040\000G\000e\000n\000e\000r\000a\000t\000i\000o\000n}{chapter.34}% 28
\BOOKMARK [2][-]{subsection.41}{\376\377\000W\000I\000P\000\040\000E\000v\000e\000n\000t\000\040\000D\000e\000t\000e\000c\000t\000i\000o\000n}{section.40}% 29
\BOOKMARK [2][-]{subsection.44}{\376\377\000W\000I\000P\000\040\000S\000e\000s\000s\000i\000o\000n\000s}{section.40}% 30
\BOOKMARK [0][-]{chapter.50}{\376\377\000C\000o\000n\000c\000l\000u\000s\000i\000o\000n}{}% 31
\BOOKMARK [0][-]{appendix*.51}{\376\377\000B\000i\000b\000l\000i\000o\000g\000r\000a\000p\000h\000y}{}% 32
